<?xml version="1.0" encoding="UTF-8"?>
<!-- Generated by org.testng.reporters.JUnitReportReporter -->
<testsuite hostname="vsangha-x1" failures="0" tests="1" name="com.qa.tests.TestClass" time="52.849" errors="0" timestamp="2022-12-27T16:55:33 IST" skipped="0">
  <testcase classname="com.qa.tests.TestClass" name="HomePageTest" time="52.849"/>
  <system-out/>
</testsuite> <!-- com.qa.tests.TestClass -->
